<?xml version="1.0" encoding="UTF-8"?>
<!-- Generated by org.testng.reporters.JUnitXMLReporter -->
<testsuite ignored="0" hostname="DESKTOP-RIA9CSQ" failures="0" tests="5" name="Surefire test" time="0.076" errors="0" timestamp="2023-11-07T14:46:20 IST">
  <testcase classname="com.lbrce.devops.UserValidationTest" name="testCase1" time="0.016"/>
  <testcase classname="com.lbrce.devops.UserValidationTest" name="testCase2" time="0.001"/>
  <testcase classname="com.lbrce.devops.UserValidationTest" name="testCase3" time="0.001"/>
  <testcase classname="com.lbrce.devops.UserValidationTest" name="testCase4" time="0.002"/>
  <testcase classname="com.lbrce.devops.UserValidationTest" name="testCase5" time="0.001"/>
</testsuite> <!-- Surefire test -->
